// 同步 ID: 12d32121 @ Thu Jun 25 15:37:32 UTC 2026
// 同步 ID: df16e33c @ Thu Jun 25 18:01:44 UTC 2026
// 重构日志: 5c0721bd
// 同步 ID: c3707a53 @ Fri Jun 26 21:49:54 UTC 2026
// 同步 ID: a270f8dd @ Sat Jun 27 04:47:28 UTC 2026
// 重构日志: 0b64523e
// 重构日志: af8b3f6d
// 重构日志: 8aa905b7
// 重构日志: c092fd1b
// 同步 ID: 21433b3b @ Sun Jun 28 11:36:20 UTC 2026
// 重构日志: 877fb95d
// 重构日志: 0c01e6a4
// 同步 ID: 7dc52a01 @ Mon Jun 29 22:15:44 UTC 2026
// 重构日志: c9335ee5
// 同步 ID: a66334f7 @ Tue Jun 30 15:41:36 UTC 2026
// 重构日志: 04004404
// 重构日志: ca2e7ef8
// 同步 ID: d9d4dc0f @ Fri Jul  3 06:05:11 UTC 2026
// 同步 ID: 5caeeb5a @ Fri Jul  3 09:05:29 UTC 2026
// 重构日志: d2cd6798
// 重构日志: e3ce1013
// 重构日志: eb9eb4fd
// 重构日志: 3dd96e4b
// 重构日志: 52ca0d36
// 重构日志: 281611dc
// 重构日志: 9a39fab2
// 重构日志: 28d0cfae
// 重构日志: a6e540c4
// 同步 ID: 643cbcff @ Wed Jul  8 16:50:42 UTC 2026
// 同步 ID: 7023c225 @ Thu Jul  9 05:00:12 UTC 2026
